// 同步 ID: 94f93148 @ Sat Jul 11 15:15:38 UTC 2026
// 重构日志: 2ddc27c5
// 重构日志: ce458930
// 重构日志: 90b2a44a
// 重构日志: 8f608233
// 同步 ID: 6f329b37 @ Sun Jul 12 15:08:46 UTC 2026
// 重构日志: 555805de
// 同步 ID: f6763a0f @ Mon Jul 13 01:31:31 UTC 2026
// 重构日志: 738c9895
// 重构日志: e2e2ba6b
// 重构日志: 2bc6039d
// 重构日志: 5576e1ed
// 同步 ID: 69b7472c @ Tue Jul 14 05:12:34 UTC 2026
// 同步 ID: 9f991659 @ Tue Jul 14 16:10:23 UTC 2026
// 重构日志: 7c87f27d
// 重构日志: 0ed3afbb
// 重构日志: 5c32e928
// 同步 ID: 15c80db7 @ Sat Jul 18 02:11:52 UTC 2026
// 同步 ID: 6402caed @ Sat Jul 18 07:10:16 UTC 2026
// 重构日志: 1af6d619
// 重构日志: 6f4f1100
// 同步 ID: a85242b5 @ Sun Jul 19 02:12:46 UTC 2026
// 同步 ID: 22e70168 @ Sun Jul 19 07:58:17 UTC 2026
// 同步 ID: 10a2a8c3 @ Sun Jul 19 13:20:46 UTC 2026
// 同步 ID: a1a11a25 @ Sun Jul 19 16:33:55 UTC 2026
// 重构日志: 1caebdc7
// 重构日志: 5e8a43cc
// 重构日志: 48b314fa
// 重构日志: 02d85cf2
// 同步 ID: 4f8d6475 @ Tue Jul 21 10:58:07 UTC 2026
